# datasets bootstrap 2026-04-15T03:19:15Z filter=all dry=0
2026-04-15T03:19:15Z	SKIP	safety-fire_detection	/home/nthanhtrung/Documents/05_Team/02_Vietsol/01_Projects/edge_ai/ai/dataset_store/raw/fire_detection/d_fire	4096
2026-04-15T03:19:15Z	SKIP	safety-fire_detection	/home/nthanhtrung/Documents/05_Team/02_Vietsol/01_Projects/edge_ai/ai/dataset_store/raw/fire_detection/fasdd_cv	4096
2026-04-15T03:19:15Z	SKIP	safety-fire_detection	/home/nthanhtrung/Documents/05_Team/02_Vietsol/01_Projects/edge_ai/ai/dataset_store/raw/fire_detection/zenodo_indoor_fire	4096
2026-04-15T03:19:15Z	FAIL	safety-fire_detection	/home/nthanhtrung/Documents/05_Team/02_Vietsol/01_Projects/edge_ai/ai/dataset_store/raw/fire_detection/roboflow_fire	4096
2026-04-15T03:19:15Z	SKIP	ppe-helmet_detection	/home/nthanhtrung/Documents/05_Team/02_Vietsol/01_Projects/edge_ai/ai/dataset_store/raw/helmet_detection/hardhat_vest_v3	4096
2026-04-15T03:19:15Z	SKIP	ppe-helmet_detection	/home/nthanhtrung/Documents/05_Team/02_Vietsol/01_Projects/edge_ai/ai/dataset_store/raw/helmet_detection/sfchd	4096
2026-04-15T03:19:15Z	SKIP	ppe-helmet_detection	/home/nthanhtrung/Documents/05_Team/02_Vietsol/01_Projects/edge_ai/ai/dataset_store/raw/helmet_detection/sh17_ppe	4096
2026-04-15T03:19:15Z	SKIP	ppe-helmet_detection	/home/nthanhtrung/Documents/05_Team/02_Vietsol/01_Projects/edge_ai/ai/dataset_store/raw/helmet_detection/hard_hat_workers	4096
2026-04-15T03:19:15Z	SKIP	ppe-helmet_detection	/home/nthanhtrung/Documents/05_Team/02_Vietsol/01_Projects/edge_ai/ai/dataset_store/raw/helmet_detection/ppe_yolov8	4096
2026-04-15T03:19:15Z	SKIP	ppe-helmet_detection	/home/nthanhtrung/Documents/05_Team/02_Vietsol/01_Projects/edge_ai/ai/dataset_store/raw/helmet_detection/construction_safety	4096
2026-04-15T03:19:15Z	FAIL	ppe-helmet_detection	/home/nthanhtrung/Documents/05_Team/02_Vietsol/01_Projects/edge_ai/ai/dataset_store/raw/helmet_detection/roboflow_hardhat	4096
2026-04-15T03:19:15Z	SKIP	ppe-shoes_detection	/home/nthanhtrung/Documents/05_Team/02_Vietsol/01_Projects/edge_ai/ai/dataset_store/raw/shoes_detection/keremberke_ppe	4096
2026-04-15T03:19:15Z	SKIP	ppe-shoes_detection	/home/nthanhtrung/Documents/05_Team/02_Vietsol/01_Projects/edge_ai/ai/dataset_store/raw/shoes_detection/shoe_ppe	4096
2026-04-15T03:19:15Z	SKIP	safety-fall_classification,safety-fall_pose_estimation	/home/nthanhtrung/Documents/05_Team/02_Vietsol/01_Projects/edge_ai/ai/dataset_store/raw/fall_detection/coco_keypoints	4096
2026-04-15T03:19:15Z	SKIP	safety-fall_classification,safety-fall_pose_estimation	/home/nthanhtrung/Documents/05_Team/02_Vietsol/01_Projects/edge_ai/ai/dataset_store/raw/fall_detection/roboflow_fall	4096
2026-04-15T03:19:15Z	SKIP	safety-fall_classification,safety-fall_pose_estimation	/home/nthanhtrung/Documents/05_Team/02_Vietsol/01_Projects/edge_ai/ai/dataset_store/raw/fall_detection/cctv_fall	4096
2026-04-15T03:19:17Z	FAIL	safety-fall_classification,safety-fall_pose_estimation	/home/nthanhtrung/Documents/05_Team/02_Vietsol/01_Projects/edge_ai/ai/dataset_store/raw/fall_detection/ur_fall	4096
2026-04-15T03:19:17Z	SKIP	safety-phone_detection	/home/nthanhtrung/Documents/05_Team/02_Vietsol/01_Projects/edge_ai/ai/dataset_store/raw/phone_detection/fpi_det	4096
2026-04-15T03:19:17Z	SKIP	safety-phone_detection	/home/nthanhtrung/Documents/05_Team/02_Vietsol/01_Projects/edge_ai/ai/dataset_store/raw/phone_detection/phone_call_usage	4096
2026-04-15T03:19:17Z	FAIL	access-zone_intrusion	/home/nthanhtrung/Documents/05_Team/02_Vietsol/01_Projects/edge_ai/ai/dataset_store/raw/_coco_val	4096
2026-04-15T03:19:17Z	SKIP	safety-fire_detection	/home/nthanhtrung/Documents/05_Team/02_Vietsol/01_Projects/edge_ai/ai/dataset_store/site_collected/fire_detection	4096
2026-04-15T03:19:17Z	SKIP	ppe-helmet_detection	/home/nthanhtrung/Documents/05_Team/02_Vietsol/01_Projects/edge_ai/ai/dataset_store/site_collected/helmet_detection	4096
2026-04-15T03:19:17Z	SKIP	ppe-shoes_detection	/home/nthanhtrung/Documents/05_Team/02_Vietsol/01_Projects/edge_ai/ai/dataset_store/site_collected/shoes_detection	4096
2026-04-15T03:19:17Z	SKIP	safety-fall_classification,safety-fall_pose_estimation	/home/nthanhtrung/Documents/05_Team/02_Vietsol/01_Projects/edge_ai/ai/dataset_store/site_collected/fall_detection	4096
2026-04-15T03:19:17Z	SKIP	safety-phone_detection	/home/nthanhtrung/Documents/05_Team/02_Vietsol/01_Projects/edge_ai/ai/dataset_store/site_collected/phone_detection	4096
2026-04-15T03:19:17Z	SKIP	_all	/home/nthanhtrung/Documents/05_Team/02_Vietsol/01_Projects/edge_ai/ai/dataset_store/site_collected/test_video	4096
2026-04-15T03:19:17Z	SKIP	_all	/home/nthanhtrung/Documents/05_Team/02_Vietsol/01_Projects/edge_ai/ai/dataset_store/training_ready	4096
2026-04-15T03:19:17Z	SKIP	safety-fire_detection	/home/nthanhtrung/Documents/05_Team/02_Vietsol/01_Projects/edge_ai/ai/dataset_store/raw/fire_detection/fire_cctv	4096
2026-04-15T03:19:17Z	SKIP	safety-fire_detection	/home/nthanhtrung/Documents/05_Team/02_Vietsol/01_Projects/edge_ai/ai/dataset_store/raw/fire_detection/fire_smoke_datacluster	4096
2026-04-15T03:19:17Z	SKIP	safety-fire_detection	/home/nthanhtrung/Documents/05_Team/02_Vietsol/01_Projects/edge_ai/ai/dataset_store/raw/fire_detection/industrial_hazards	4096
2026-04-15T03:19:18Z	SKIP	safety-fall_classification,safety-fall_pose_estimation	/home/nthanhtrung/Documents/05_Team/02_Vietsol/01_Projects/edge_ai/ai/dataset_store/raw/fall_detection/fall_detection_imgs	4096
2026-04-15T03:19:18Z	SKIP	ppe-helmet_detection	/home/nthanhtrung/Documents/05_Team/02_Vietsol/01_Projects/edge_ai/ai/dataset_store/raw/helmet_detection/construction_safety	4096
2026-04-15T03:19:18Z	SKIP	safety-phone_detection	/home/nthanhtrung/Documents/05_Team/02_Vietsol/01_Projects/edge_ai/ai/dataset_store/raw/phone_detection/action_recognition	4096
2026-04-15T03:19:18Z	SKIP	safety-phone_detection	/home/nthanhtrung/Documents/05_Team/02_Vietsol/01_Projects/edge_ai/ai/dataset_store/raw/phone_detection/mobile_phone	4096
2026-04-15T03:19:18Z	RSYNC	_all	/home/nthanhtrung/Documents/05_Team/02_Vietsol/01_Projects/edge_ai/ai/dataset_store/nitto_denko	0
2026-04-15T03:19:18Z	RSYNC	_all	/home/nthanhtrung/Documents/05_Team/02_Vietsol/01_Projects/edge_ai/ai/dataset_store/smart_parking	0
# datasets bootstrap 2026-04-15T03:19:52Z filter=all dry=0
2026-04-15T03:19:52Z	SKIP	safety-fire_detection	/home/nthanhtrung/Documents/05_Team/02_Vietsol/01_Projects/edge_ai/ai/dataset_store/raw/fire_detection/d_fire	4096
2026-04-15T03:19:52Z	SKIP	safety-fire_detection	/home/nthanhtrung/Documents/05_Team/02_Vietsol/01_Projects/edge_ai/ai/dataset_store/raw/fire_detection/fasdd_cv	4096
2026-04-15T03:19:52Z	SKIP	safety-fire_detection	/home/nthanhtrung/Documents/05_Team/02_Vietsol/01_Projects/edge_ai/ai/dataset_store/raw/fire_detection/zenodo_indoor_fire	4096
2026-04-15T03:19:52Z	FAIL	safety-fire_detection	/home/nthanhtrung/Documents/05_Team/02_Vietsol/01_Projects/edge_ai/ai/dataset_store/raw/fire_detection/roboflow_fire	4096
2026-04-15T03:19:52Z	SKIP	ppe-helmet_detection	/home/nthanhtrung/Documents/05_Team/02_Vietsol/01_Projects/edge_ai/ai/dataset_store/raw/helmet_detection/hardhat_vest_v3	4096
2026-04-15T03:19:52Z	SKIP	ppe-helmet_detection	/home/nthanhtrung/Documents/05_Team/02_Vietsol/01_Projects/edge_ai/ai/dataset_store/raw/helmet_detection/sfchd	4096
2026-04-15T03:19:52Z	SKIP	ppe-helmet_detection	/home/nthanhtrung/Documents/05_Team/02_Vietsol/01_Projects/edge_ai/ai/dataset_store/raw/helmet_detection/sh17_ppe	4096
2026-04-15T03:19:52Z	SKIP	ppe-helmet_detection	/home/nthanhtrung/Documents/05_Team/02_Vietsol/01_Projects/edge_ai/ai/dataset_store/raw/helmet_detection/hard_hat_workers	4096
2026-04-15T03:19:52Z	SKIP	ppe-helmet_detection	/home/nthanhtrung/Documents/05_Team/02_Vietsol/01_Projects/edge_ai/ai/dataset_store/raw/helmet_detection/ppe_yolov8	4096
2026-04-15T03:19:52Z	SKIP	ppe-helmet_detection	/home/nthanhtrung/Documents/05_Team/02_Vietsol/01_Projects/edge_ai/ai/dataset_store/raw/helmet_detection/construction_safety	4096
2026-04-15T03:19:52Z	FAIL	ppe-helmet_detection	/home/nthanhtrung/Documents/05_Team/02_Vietsol/01_Projects/edge_ai/ai/dataset_store/raw/helmet_detection/roboflow_hardhat	4096
2026-04-15T03:19:52Z	SKIP	ppe-shoes_detection	/home/nthanhtrung/Documents/05_Team/02_Vietsol/01_Projects/edge_ai/ai/dataset_store/raw/shoes_detection/keremberke_ppe	4096
2026-04-15T03:19:52Z	SKIP	ppe-shoes_detection	/home/nthanhtrung/Documents/05_Team/02_Vietsol/01_Projects/edge_ai/ai/dataset_store/raw/shoes_detection/shoe_ppe	4096
2026-04-15T03:19:52Z	SKIP	safety-fall_classification,safety-fall_pose_estimation	/home/nthanhtrung/Documents/05_Team/02_Vietsol/01_Projects/edge_ai/ai/dataset_store/raw/fall_detection/coco_keypoints	4096
2026-04-15T03:19:52Z	SKIP	safety-fall_classification,safety-fall_pose_estimation	/home/nthanhtrung/Documents/05_Team/02_Vietsol/01_Projects/edge_ai/ai/dataset_store/raw/fall_detection/roboflow_fall	4096
2026-04-15T03:19:52Z	SKIP	safety-fall_classification,safety-fall_pose_estimation	/home/nthanhtrung/Documents/05_Team/02_Vietsol/01_Projects/edge_ai/ai/dataset_store/raw/fall_detection/cctv_fall	4096
2026-04-15T03:19:54Z	FAIL	safety-fall_classification,safety-fall_pose_estimation	/home/nthanhtrung/Documents/05_Team/02_Vietsol/01_Projects/edge_ai/ai/dataset_store/raw/fall_detection/ur_fall	4096
2026-04-15T03:19:54Z	SKIP	safety-phone_detection	/home/nthanhtrung/Documents/05_Team/02_Vietsol/01_Projects/edge_ai/ai/dataset_store/raw/phone_detection/fpi_det	4096
2026-04-15T03:19:54Z	SKIP	safety-phone_detection	/home/nthanhtrung/Documents/05_Team/02_Vietsol/01_Projects/edge_ai/ai/dataset_store/raw/phone_detection/phone_call_usage	4096
2026-04-15T03:19:55Z	FAIL	access-zone_intrusion	/home/nthanhtrung/Documents/05_Team/02_Vietsol/01_Projects/edge_ai/ai/dataset_store/raw/_coco_val	4096
2026-04-15T03:19:55Z	SKIP	safety-fire_detection	/home/nthanhtrung/Documents/05_Team/02_Vietsol/01_Projects/edge_ai/ai/dataset_store/site_collected/fire_detection	4096
2026-04-15T03:19:55Z	SKIP	ppe-helmet_detection	/home/nthanhtrung/Documents/05_Team/02_Vietsol/01_Projects/edge_ai/ai/dataset_store/site_collected/helmet_detection	4096
2026-04-15T03:19:55Z	SKIP	ppe-shoes_detection	/home/nthanhtrung/Documents/05_Team/02_Vietsol/01_Projects/edge_ai/ai/dataset_store/site_collected/shoes_detection	4096
2026-04-15T03:19:55Z	SKIP	safety-fall_classification,safety-fall_pose_estimation	/home/nthanhtrung/Documents/05_Team/02_Vietsol/01_Projects/edge_ai/ai/dataset_store/site_collected/fall_detection	4096
2026-04-15T03:19:55Z	SKIP	safety-phone_detection	/home/nthanhtrung/Documents/05_Team/02_Vietsol/01_Projects/edge_ai/ai/dataset_store/site_collected/phone_detection	4096
2026-04-15T03:19:55Z	SKIP	_all	/home/nthanhtrung/Documents/05_Team/02_Vietsol/01_Projects/edge_ai/ai/dataset_store/site_collected/test_video	4096
2026-04-15T03:19:55Z	SKIP	_all	/home/nthanhtrung/Documents/05_Team/02_Vietsol/01_Projects/edge_ai/ai/dataset_store/training_ready	4096
2026-04-15T03:19:55Z	SKIP	safety-fire_detection	/home/nthanhtrung/Documents/05_Team/02_Vietsol/01_Projects/edge_ai/ai/dataset_store/raw/fire_detection/fire_cctv	4096
2026-04-15T03:19:55Z	SKIP	safety-fire_detection	/home/nthanhtrung/Documents/05_Team/02_Vietsol/01_Projects/edge_ai/ai/dataset_store/raw/fire_detection/fire_smoke_datacluster	4096
2026-04-15T03:19:55Z	SKIP	safety-fire_detection	/home/nthanhtrung/Documents/05_Team/02_Vietsol/01_Projects/edge_ai/ai/dataset_store/raw/fire_detection/industrial_hazards	4096
2026-04-15T03:19:55Z	SKIP	safety-fall_classification,safety-fall_pose_estimation	/home/nthanhtrung/Documents/05_Team/02_Vietsol/01_Projects/edge_ai/ai/dataset_store/raw/fall_detection/fall_detection_imgs	4096
2026-04-15T03:19:55Z	SKIP	ppe-helmet_detection	/home/nthanhtrung/Documents/05_Team/02_Vietsol/01_Projects/edge_ai/ai/dataset_store/raw/helmet_detection/construction_safety	4096
2026-04-15T03:19:55Z	SKIP	safety-phone_detection	/home/nthanhtrung/Documents/05_Team/02_Vietsol/01_Projects/edge_ai/ai/dataset_store/raw/phone_detection/action_recognition	4096
2026-04-15T03:19:55Z	SKIP	safety-phone_detection	/home/nthanhtrung/Documents/05_Team/02_Vietsol/01_Projects/edge_ai/ai/dataset_store/raw/phone_detection/mobile_phone	4096
2026-04-15T03:19:55Z	RSYNC	_all	/home/nthanhtrung/Documents/05_Team/02_Vietsol/01_Projects/edge_ai/ai/dataset_store/nitto_denko	0
2026-04-15T03:19:55Z	RSYNC	_all	/home/nthanhtrung/Documents/05_Team/02_Vietsol/01_Projects/edge_ai/ai/dataset_store/smart_parking	0
